vlc.exe
vlc.exe.manifest
vlc-cache-gen.exe
axvlc.dll
libvlc.dll
libvlccore.dll
npvlc.dll
AUTHORS.txt
COPYING.txt
NEWS.txt
README.txt
THANKS.txt
plugins\3dnow\libmemcpy3dn_plugin.dll
plugins\access\libaccess_attachment_plugin.dll
plugins\access\libaccess_bd_plugin.dll
plugins\access\libaccess_ftp_plugin.dll
plugins\access\libaccess_http_plugin.dll
plugins\access\libaccess_imem_plugin.dll
plugins\access\libaccess_mms_plugin.dll
plugins\access\libaccess_rar_plugin.dll
plugins\access\libaccess_realrtsp_plugin.dll
plugins\access\libaccess_smb_plugin.dll
plugins\access\libaccess_tcp_plugin.dll
plugins\access\libaccess_udp_plugin.dll
plugins\access\libaccess_vdr_plugin.dll
plugins\access\libcdda_plugin.dll
plugins\access\libdshow_plugin.dll
plugins\access\libdtv_plugin.dll
plugins\access\libdvdnav_plugin.dll
plugins\access\libdvdread_plugin.dll
plugins\access\libfilesystem_plugin.dll
plugins\access\libidummy_plugin.dll
plugins\access\liblibbluray_plugin.dll
plugins\access\librtp_plugin.dll
plugins\access\libscreen_plugin.dll
plugins\access\libsdp_plugin.dll
plugins\access\libstream_filter_rar_plugin.dll
plugins\access\libvcd_plugin.dll
plugins\access\libzip_plugin.dll
plugins\access_output\libaccess_output_dummy_plugin.dll
plugins\access_output\libaccess_output_file_plugin.dll
plugins\access_output\libaccess_output_http_plugin.dll
plugins\access_output\libaccess_output_livehttp_plugin.dll
plugins\access_output\libaccess_output_shout_plugin.dll
plugins\access_output\libaccess_output_udp_plugin.dll
plugins\audio_filter\liba52tofloat32_plugin.dll
plugins\audio_filter\liba52tospdif_plugin.dll
plugins\audio_filter\libaudiobargraph_a_plugin.dll
plugins\audio_filter\libaudio_format_plugin.dll
plugins\audio_filter\libchorus_flanger_plugin.dll
plugins\audio_filter\libcompressor_plugin.dll
plugins\audio_filter\libconverter_fixed_plugin.dll
plugins\audio_filter\libdolby_surround_decoder_plugin.dll
plugins\audio_filter\libdtstofloat32_plugin.dll
plugins\audio_filter\libdtstospdif_plugin.dll
plugins\audio_filter\libequalizer_plugin.dll
plugins\audio_filter\libheadphone_channel_mixer_plugin.dll
plugins\audio_filter\libkaraoke_plugin.dll
plugins\audio_filter\libmono_plugin.dll
plugins\audio_filter\libmpgatofixed32_plugin.dll
plugins\audio_filter\libnormvol_plugin.dll
plugins\audio_filter\libparam_eq_plugin.dll
plugins\audio_filter\libsamplerate_plugin.dll
plugins\audio_filter\libscaletempo_plugin.dll
plugins\audio_filter\libsimple_channel_mixer_plugin.dll
plugins\audio_filter\libspatializer_plugin.dll
plugins\audio_filter\libspeex_resampler_plugin.dll
plugins\audio_filter\libtrivial_channel_mixer_plugin.dll
plugins\audio_filter\libugly_resampler_plugin.dll
plugins\audio_mixer\libfixed32_mixer_plugin.dll
plugins\audio_mixer\libfloat32_mixer_plugin.dll
plugins\audio_output\libadummy_plugin.dll
plugins\audio_output\libamem_plugin.dll
plugins\audio_output\libaout_directx_plugin.dll
plugins\audio_output\libaout_file_plugin.dll
plugins\audio_output\libwaveout_plugin.dll
plugins\codec\liba52_plugin.dll
plugins\codec\libadpcm_plugin.dll
plugins\codec\libaes3_plugin.dll
plugins\codec\libaraw_plugin.dll
plugins\codec\libavcodec_plugin.dll
plugins\codec\libcc_plugin.dll
plugins\codec\libcdg_plugin.dll
plugins\codec\libcrystalhd_plugin.dll
plugins\codec\libcvdsub_plugin.dll
plugins\codec\libddummy_plugin.dll
plugins\codec\libdmo_plugin.dll
plugins\codec\libdts_plugin.dll
plugins\codec\libdvbsub_plugin.dll
plugins\codec\libedummy_plugin.dll
plugins\codec\libfaad_plugin.dll
plugins\codec\libflac_plugin.dll
plugins\codec\libfluidsynth_plugin.dll
plugins\codec\libkate_plugin.dll
plugins\codec\liblibass_plugin.dll
plugins\codec\liblibmpeg2_plugin.dll
plugins\codec\liblpcm_plugin.dll
plugins\codec\libmpeg_audio_plugin.dll
plugins\codec\libpng_plugin.dll
plugins\codec\libquicktime_plugin.dll
plugins\codec\librawvideo_plugin.dll
plugins\codec\libschroedinger_plugin.dll
plugins\codec\libspeex_plugin.dll
plugins\codec\libspudec_plugin.dll
plugins\codec\libstl_plugin.dll
plugins\codec\libsubsdec_plugin.dll
plugins\codec\libsubsusf_plugin.dll
plugins\codec\libsvcdsub_plugin.dll
plugins\codec\libt140_plugin.dll
plugins\codec\libtheora_plugin.dll
plugins\codec\libtwolame_plugin.dll
plugins\codec\libvorbis_plugin.dll
plugins\codec\libx264_plugin.dll
plugins\codec\libzvbi_plugin.dll
plugins\control\libdummy_plugin.dll
plugins\control\libgestures_plugin.dll
plugins\control\libglobalhotkeys_plugin.dll
plugins\control\libhotkeys_plugin.dll
plugins\control\libnetsync_plugin.dll
plugins\control\libntservice_plugin.dll
plugins\control\liboldrc_plugin.dll
plugins\demux\libaiff_plugin.dll
plugins\demux\libasf_plugin.dll
plugins\demux\libau_plugin.dll
plugins\demux\libavi_plugin.dll
plugins\demux\libdemuxdump_plugin.dll
plugins\demux\libdemux_cdg_plugin.dll
plugins\demux\libdemux_stl_plugin.dll
plugins\demux\libdirac_plugin.dll
plugins\demux\libes_plugin.dll
plugins\demux\libflacsys_plugin.dll
plugins\demux\libgme_plugin.dll
plugins\demux\libh264_plugin.dll
plugins\demux\libimage_plugin.dll
plugins\demux\liblive555_plugin.dll
plugins\demux\libmjpeg_plugin.dll
plugins\demux\libmkv_plugin.dll
plugins\demux\libmod_plugin.dll
plugins\demux\libmp4_plugin.dll
plugins\demux\libmpc_plugin.dll
plugins\demux\libmpgv_plugin.dll
plugins\demux\libnsc_plugin.dll
plugins\demux\libnsv_plugin.dll
plugins\demux\libnuv_plugin.dll
plugins\demux\libogg_plugin.dll
plugins\demux\libplaylist_plugin.dll
plugins\demux\libps_plugin.dll
plugins\demux\libpva_plugin.dll
plugins\demux\librawaud_plugin.dll
plugins\demux\librawdv_plugin.dll
plugins\demux\librawvid_plugin.dll
plugins\demux\libreal_plugin.dll
plugins\demux\libsid_plugin.dll
plugins\demux\libsmf_plugin.dll
plugins\demux\libsubtitle_plugin.dll
plugins\demux\libts_plugin.dll
plugins\demux\libtta_plugin.dll
plugins\demux\libty_plugin.dll
plugins\demux\libvc1_plugin.dll
plugins\demux\libvobsub_plugin.dll
plugins\demux\libvoc_plugin.dll
plugins\demux\libwav_plugin.dll
plugins\demux\libxa_plugin.dll
plugins\gui\libqt4_plugin.dll
plugins\gui\libskins2_plugin.dll
plugins\lua\liblua_plugin.dll
plugins\meta_engine\libfolder_plugin.dll
plugins\meta_engine\libtaglib_plugin.dll
plugins\misc\libaudioscrobbler_plugin.dll
plugins\misc\libexport_plugin.dll
plugins\misc\libgnutls_plugin.dll
plugins\misc\liblogger_plugin.dll
plugins\misc\libmemcpy_plugin.dll
plugins\misc\libosd_parser_plugin.dll
plugins\misc\libstats_plugin.dll
plugins\misc\libvod_rtsp_plugin.dll
plugins\misc\libxml_plugin.dll
plugins\mmx\libi420_rgb_mmx_plugin.dll
plugins\mmx\libi420_yuy2_mmx_plugin.dll
plugins\mmx\libi422_yuy2_mmx_plugin.dll
plugins\mmx\libmemcpymmx_plugin.dll
plugins\mmxext\libmemcpymmxext_plugin.dll
plugins\mux\libmux_asf_plugin.dll
plugins\mux\libmux_avi_plugin.dll
plugins\mux\libmux_dummy_plugin.dll
plugins\mux\libmux_mp4_plugin.dll
plugins\mux\libmux_mpjpeg_plugin.dll
plugins\mux\libmux_ogg_plugin.dll
plugins\mux\libmux_ps_plugin.dll
plugins\mux\libmux_ts_plugin.dll
plugins\mux\libmux_wav_plugin.dll
plugins\notify\libmsn_plugin.dll
plugins\packetizer\libpacketizer_copy_plugin.dll
plugins\packetizer\libpacketizer_dirac_plugin.dll
plugins\packetizer\libpacketizer_flac_plugin.dll
plugins\packetizer\libpacketizer_h264_plugin.dll
plugins\packetizer\libpacketizer_mlp_plugin.dll
plugins\packetizer\libpacketizer_mpeg4audio_plugin.dll
plugins\packetizer\libpacketizer_mpeg4video_plugin.dll
plugins\packetizer\libpacketizer_mpegvideo_plugin.dll
plugins\packetizer\libpacketizer_vc1_plugin.dll
plugins\services_discovery\libmediadirs_plugin.dll
plugins\services_discovery\libpodcast_plugin.dll
plugins\services_discovery\libsap_plugin.dll
plugins\services_discovery\libupnp_plugin.dll
plugins\services_discovery\libwindrive_plugin.dll
plugins\sse2\libi420_rgb_sse2_plugin.dll
plugins\sse2\libi420_yuy2_sse2_plugin.dll
plugins\sse2\libi422_yuy2_sse2_plugin.dll
plugins\stream_filter\libstream_filter_dash_plugin.dll
plugins\stream_filter\libstream_filter_httplive_plugin.dll
plugins\stream_filter\libstream_filter_record_plugin.dll
plugins\stream_out\libstream_out_autodel_plugin.dll
plugins\stream_out\libstream_out_bridge_plugin.dll
plugins\stream_out\libstream_out_delay_plugin.dll
plugins\stream_out\libstream_out_description_plugin.dll
plugins\stream_out\libstream_out_display_plugin.dll
plugins\stream_out\libstream_out_dummy_plugin.dll
plugins\stream_out\libstream_out_duplicate_plugin.dll
plugins\stream_out\libstream_out_es_plugin.dll
plugins\stream_out\libstream_out_gather_plugin.dll
plugins\stream_out\libstream_out_langfromtelx_plugin.dll
plugins\stream_out\libstream_out_mosaic_bridge_plugin.dll
plugins\stream_out\libstream_out_raop_plugin.dll
plugins\stream_out\libstream_out_record_plugin.dll
plugins\stream_out\libstream_out_rtp_plugin.dll
plugins\stream_out\libstream_out_select_plugin.dll
plugins\stream_out\libstream_out_setid_plugin.dll
plugins\stream_out\libstream_out_smem_plugin.dll
plugins\stream_out\libstream_out_standard_plugin.dll
plugins\stream_out\libstream_out_transcode_plugin.dll
plugins\text_renderer\libfreetype_plugin.dll
plugins\text_renderer\libtdummy_plugin.dll
plugins\video_chroma\libgrey_yuv_plugin.dll
plugins\video_chroma\libi420_rgb_plugin.dll
plugins\video_chroma\libi420_yuy2_plugin.dll
plugins\video_chroma\libi422_i420_plugin.dll
plugins\video_chroma\libi422_yuy2_plugin.dll
plugins\video_chroma\librv32_plugin.dll
plugins\video_chroma\libyuy2_i420_plugin.dll
plugins\video_chroma\libyuy2_i422_plugin.dll
plugins\video_filter\libadjust_plugin.dll
plugins\video_filter\libalphamask_plugin.dll
plugins\video_filter\libantiflicker_plugin.dll
plugins\video_filter\libatmo_plugin.dll
plugins\video_filter\libaudiobargraph_v_plugin.dll
plugins\video_filter\libball_plugin.dll
plugins\video_filter\libblendbench_plugin.dll
plugins\video_filter\libblend_plugin.dll
plugins\video_filter\libbluescreen_plugin.dll
plugins\video_filter\libcanvas_plugin.dll
plugins\video_filter\libchain_plugin.dll
plugins\video_filter\libclone_plugin.dll
plugins\video_filter\libcolorthres_plugin.dll
plugins\video_filter\libcroppadd_plugin.dll
plugins\video_filter\libdeinterlace_plugin.dll
plugins\video_filter\liberase_plugin.dll
plugins\video_filter\libextract_plugin.dll
plugins\video_filter\libgaussianblur_plugin.dll
plugins\video_filter\libgradfun_plugin.dll
plugins\video_filter\libgradient_plugin.dll
plugins\video_filter\libgrain_plugin.dll
plugins\video_filter\libhqdn3d_plugin.dll
plugins\video_filter\libinvert_plugin.dll
plugins\video_filter\liblogo_plugin.dll
plugins\video_filter\libmagnify_plugin.dll
plugins\video_filter\libmarq_plugin.dll
plugins\video_filter\libmirror_plugin.dll
plugins\video_filter\libmosaic_plugin.dll
plugins\video_filter\libmotionblur_plugin.dll
plugins\video_filter\libmotiondetect_plugin.dll
plugins\video_filter\libosdmenu_plugin.dll
plugins\video_filter\libpanoramix_plugin.dll
plugins\video_filter\libposterize_plugin.dll
plugins\video_filter\libpostproc_plugin.dll
plugins\video_filter\libpsychedelic_plugin.dll
plugins\video_filter\libpuzzle_plugin.dll
plugins\video_filter\libremoteosd_plugin.dll
plugins\video_filter\libripple_plugin.dll
plugins\video_filter\librotate_plugin.dll
plugins\video_filter\librss_plugin.dll
plugins\video_filter\libscale_plugin.dll
plugins\video_filter\libscene_plugin.dll
plugins\video_filter\libsepia_plugin.dll
plugins\video_filter\libsharpen_plugin.dll
plugins\video_filter\libsubsdelay_plugin.dll
plugins\video_filter\libswscale_plugin.dll
plugins\video_filter\libtransform_plugin.dll
plugins\video_filter\libwall_plugin.dll
plugins\video_filter\libwave_plugin.dll
plugins\video_filter\libyuvp_plugin.dll
plugins\video_output\libcaca_plugin.dll
plugins\video_output\libdirect2d_plugin.dll
plugins\video_output\libdirect3d_plugin.dll
plugins\video_output\libdirectx_plugin.dll
plugins\video_output\libdrawable_plugin.dll
plugins\video_output\libglwin32_plugin.dll
plugins\video_output\libvdummy_plugin.dll
plugins\video_output\libvmem_plugin.dll
plugins\video_output\libwingdi_plugin.dll
plugins\video_output\libyuv_plugin.dll
plugins\visualization\libgoom_plugin.dll
plugins\visualization\libprojectm_plugin.dll
plugins\visualization\libvisual_plugin.dll
locale\ach\LC_MESSAGES\vlc.mo
locale\af\LC_MESSAGES\vlc.mo
locale\am\LC_MESSAGES\vlc.mo
locale\ar\LC_MESSAGES\vlc.mo
locale\ast\LC_MESSAGES\vlc.mo
locale\be\LC_MESSAGES\vlc.mo
locale\bg\LC_MESSAGES\vlc.mo
locale\bn\LC_MESSAGES\vlc.mo
locale\br\LC_MESSAGES\vlc.mo
locale\ca\LC_MESSAGES\vlc.mo
locale\cgg\LC_MESSAGES\vlc.mo
locale\ckb\LC_MESSAGES\vlc.mo
locale\co\LC_MESSAGES\vlc.mo
locale\cs\LC_MESSAGES\vlc.mo
locale\da\LC_MESSAGES\vlc.mo
locale\de\LC_MESSAGES\vlc.mo
locale\el\LC_MESSAGES\vlc.mo
locale\en_GB\LC_MESSAGES\vlc.mo
locale\es\LC_MESSAGES\vlc.mo
locale\et\LC_MESSAGES\vlc.mo
locale\eu\LC_MESSAGES\vlc.mo
locale\fa\LC_MESSAGES\vlc.mo
locale\ff\LC_MESSAGES\vlc.mo
locale\fi\LC_MESSAGES\vlc.mo
locale\fr\LC_MESSAGES\vlc.mo
locale\fur\LC_MESSAGES\vlc.mo
locale\ga\LC_MESSAGES\vlc.mo
locale\gd\LC_MESSAGES\vlc.mo
locale\gl\LC_MESSAGES\vlc.mo
locale\he\LC_MESSAGES\vlc.mo
locale\hi\LC_MESSAGES\vlc.mo
locale\hr\LC_MESSAGES\vlc.mo
locale\hu\LC_MESSAGES\vlc.mo
locale\hy\LC_MESSAGES\vlc.mo
locale\id\LC_MESSAGES\vlc.mo
locale\is\LC_MESSAGES\vlc.mo
locale\it\LC_MESSAGES\vlc.mo
locale\ja\LC_MESSAGES\vlc.mo
locale\ka\LC_MESSAGES\vlc.mo
locale\kk\LC_MESSAGES\vlc.mo
locale\km\LC_MESSAGES\vlc.mo
locale\kmr\LC_MESSAGES\vlc.mo
locale\ko\LC_MESSAGES\vlc.mo
locale\ku\LC_MESSAGES\vlc.mo
locale\lg\LC_MESSAGES\vlc.mo
locale\lt\LC_MESSAGES\vlc.mo
locale\lv\LC_MESSAGES\vlc.mo
locale\mk\LC_MESSAGES\vlc.mo
locale\ml\LC_MESSAGES\vlc.mo
locale\mn\LC_MESSAGES\vlc.mo
locale\mr\LC_MESSAGES\vlc.mo
locale\ms\LC_MESSAGES\vlc.mo
locale\my\LC_MESSAGES\vlc.mo
locale\nb\LC_MESSAGES\vlc.mo
locale\ne\LC_MESSAGES\vlc.mo
locale\nl\LC_MESSAGES\vlc.mo
locale\nn\LC_MESSAGES\vlc.mo
locale\oc\LC_MESSAGES\vlc.mo
locale\pa\LC_MESSAGES\vlc.mo
locale\pl\LC_MESSAGES\vlc.mo
locale\ps\LC_MESSAGES\vlc.mo
locale\pt_BR\LC_MESSAGES\vlc.mo
locale\pt_PT\LC_MESSAGES\vlc.mo
locale\ro\LC_MESSAGES\vlc.mo
locale\ru\LC_MESSAGES\vlc.mo
locale\si\LC_MESSAGES\vlc.mo
locale\sk\LC_MESSAGES\vlc.mo
locale\sl\LC_MESSAGES\vlc.mo
locale\sq\LC_MESSAGES\vlc.mo
locale\sr\LC_MESSAGES\vlc.mo
locale\sv\LC_MESSAGES\vlc.mo
locale\ta\LC_MESSAGES\vlc.mo
locale\te\LC_MESSAGES\vlc.mo
locale\tet\LC_MESSAGES\vlc.mo
locale\th\LC_MESSAGES\vlc.mo
locale\tl\LC_MESSAGES\vlc.mo
locale\tr\LC_MESSAGES\vlc.mo
locale\uk\LC_MESSAGES\vlc.mo
locale\uz\LC_MESSAGES\vlc.mo
locale\vi\LC_MESSAGES\vlc.mo
locale\wa\LC_MESSAGES\vlc.mo
locale\zh_CN\LC_MESSAGES\vlc.mo
locale\zh_TW\LC_MESSAGES\vlc.mo
locale\zu\LC_MESSAGES\vlc.mo
sdk\activex\README.TXT
sdk\activex\test.html
sdk\include\vlc\deprecated.h
sdk\include\vlc\libvlc.h
sdk\include\vlc\libvlc_events.h
sdk\include\vlc\libvlc_media.h
sdk\include\vlc\libvlc_media_discoverer.h
sdk\include\vlc\libvlc_media_library.h
sdk\include\vlc\libvlc_media_list.h
sdk\include\vlc\libvlc_media_list_player.h
sdk\include\vlc\libvlc_media_player.h
sdk\include\vlc\libvlc_structures.h
sdk\include\vlc\libvlc_version.h
sdk\include\vlc\libvlc_vlm.h
sdk\include\vlc\plugins\vlc_about.h
sdk\include\vlc\plugins\vlc_access.h
sdk\include\vlc\plugins\vlc_acl.h
sdk\include\vlc\plugins\vlc_aout.h
sdk\include\vlc\plugins\vlc_aout_intf.h
sdk\include\vlc\plugins\vlc_aout_mixer.h
sdk\include\vlc\plugins\vlc_arrays.h
sdk\include\vlc\plugins\vlc_art_finder.h
sdk\include\vlc\plugins\vlc_atomic.h
sdk\include\vlc\plugins\vlc_avcodec.h
sdk\include\vlc\plugins\vlc_bits.h
sdk\include\vlc\plugins\vlc_block.h
sdk\include\vlc\plugins\vlc_block_helper.h
sdk\include\vlc\plugins\vlc_charset.h
sdk\include\vlc\plugins\vlc_codec.h
sdk\include\vlc\plugins\vlc_common.h
sdk\include\vlc\plugins\vlc_config.h
sdk\include\vlc\plugins\vlc_configuration.h
sdk\include\vlc\plugins\vlc_config_cat.h
sdk\include\vlc\plugins\vlc_cpu.h
sdk\include\vlc\plugins\vlc_demux.h
sdk\include\vlc\plugins\vlc_dialog.h
sdk\include\vlc\plugins\vlc_epg.h
sdk\include\vlc\plugins\vlc_es.h
sdk\include\vlc\plugins\vlc_es_out.h
sdk\include\vlc\plugins\vlc_events.h
sdk\include\vlc\plugins\vlc_filter.h
sdk\include\vlc\plugins\vlc_fourcc.h
sdk\include\vlc\plugins\vlc_fs.h
sdk\include\vlc\plugins\vlc_gcrypt.h
sdk\include\vlc\plugins\vlc_http.h
sdk\include\vlc\plugins\vlc_httpd.h
sdk\include\vlc\plugins\vlc_image.h
sdk\include\vlc\plugins\vlc_inhibit.h
sdk\include\vlc\plugins\vlc_input.h
sdk\include\vlc\plugins\vlc_input_item.h
sdk\include\vlc\plugins\vlc_main.h
sdk\include\vlc\plugins\vlc_md5.h
sdk\include\vlc\plugins\vlc_media_library.h
sdk\include\vlc\plugins\vlc_messages.h
sdk\include\vlc\plugins\vlc_meta.h
sdk\include\vlc\plugins\vlc_modules.h
sdk\include\vlc\plugins\vlc_mouse.h
sdk\include\vlc\plugins\vlc_mtime.h
sdk\include\vlc\plugins\vlc_network.h
sdk\include\vlc\plugins\vlc_objects.h
sdk\include\vlc\plugins\vlc_opengl.h
sdk\include\vlc\plugins\vlc_picture.h
sdk\include\vlc\plugins\vlc_picture_fifo.h
sdk\include\vlc\plugins\vlc_picture_pool.h
sdk\include\vlc\plugins\vlc_playlist.h
sdk\include\vlc\plugins\vlc_plugin.h
sdk\include\vlc\plugins\vlc_probe.h
sdk\include\vlc\plugins\vlc_rand.h
sdk\include\vlc\plugins\vlc_services_discovery.h
sdk\include\vlc\plugins\vlc_sout.h
sdk\include\vlc\plugins\vlc_spu.h
sdk\include\vlc\plugins\vlc_sql.h
sdk\include\vlc\plugins\vlc_stream.h
sdk\include\vlc\plugins\vlc_strings.h
sdk\include\vlc\plugins\vlc_subpicture.h
sdk\include\vlc\plugins\vlc_text_style.h
sdk\include\vlc\plugins\vlc_threads.h
sdk\include\vlc\plugins\vlc_tls.h
sdk\include\vlc\plugins\vlc_url.h
sdk\include\vlc\plugins\vlc_variables.h
sdk\include\vlc\plugins\vlc_video_splitter.h
sdk\include\vlc\plugins\vlc_vlm.h
sdk\include\vlc\plugins\vlc_vout.h
sdk\include\vlc\plugins\vlc_vout_display.h
sdk\include\vlc\plugins\vlc_vout_osd.h
sdk\include\vlc\plugins\vlc_vout_window.h
sdk\include\vlc\plugins\vlc_xlib.h
sdk\include\vlc\plugins\vlc_xml.h
sdk\include\vlc\vlc.h
sdk\lib\libvlc.dll.a
sdk\lib\libvlc.la
sdk\lib\libvlc.lib
sdk\lib\libvlccore.dll.a
sdk\lib\libvlccore.la
sdk\lib\libvlccore.lib
sdk\lib\pkgconfig\libvlc.pc
sdk\lib\pkgconfig\vlc-plugin.pc
osdmenu\default\selected\bw.png
osdmenu\default\selected\esc.png
osdmenu\default\selected\fw.png
osdmenu\default\selected\next.png
osdmenu\default\selected\play_pause.png
osdmenu\default\selected\previous.png
osdmenu\default\selected\stop.png
osdmenu\default\selected\volume.png
osdmenu\default\selection\bw.png
osdmenu\default\selection\esc.png
osdmenu\default\selection\fw.png
osdmenu\default\selection\next.png
osdmenu\default\selection\play_pause.png
osdmenu\default\selection\previous.png
osdmenu\default\selection\stop.png
osdmenu\default\selection\volume.png
osdmenu\default\unselected.png
osdmenu\default\volume\volume_00.png
osdmenu\default\volume\volume_01.png
osdmenu\default\volume\volume_02.png
osdmenu\default\volume\volume_03.png
osdmenu\default\volume\volume_04.png
osdmenu\default\volume\volume_05.png
osdmenu\default\volume\volume_06.png
osdmenu\default\volume\volume_07.png
osdmenu\default\volume\volume_08.png
osdmenu\default\volume\volume_09.png
osdmenu\default\volume\volume_10.png
osdmenu\default.cfg
skins\default.vlt
skins\fonts\FreeSans.ttf
skins\fonts\FreeSansBold.ttf
skins\skin.catalog
skins\skin.dtd
skins\winamp2.xml
lua\http\.hosts
lua\http\css\main.css
lua\http\css\mobile.css
lua\http\css\ui-lightness\images\ui-bg_diagonals-thick_18_b81900_40x40.png
lua\http\css\ui-lightness\images\ui-bg_diagonals-thick_20_666666_40x40.png
lua\http\css\ui-lightness\images\ui-bg_flat_10_000000_40x100.png
lua\http\css\ui-lightness\images\ui-bg_glass_100_f6f6f6_1x400.png
lua\http\css\ui-lightness\images\ui-bg_glass_100_fdf5ce_1x400.png
lua\http\css\ui-lightness\images\ui-bg_glass_65_ffffff_1x400.png
lua\http\css\ui-lightness\images\ui-bg_gloss-wave_35_f6a828_500x100.png
lua\http\css\ui-lightness\images\ui-bg_highlight-soft_100_eeeeee_1x100.png
lua\http\css\ui-lightness\images\ui-bg_highlight-soft_75_ffe45c_1x100.png
lua\http\css\ui-lightness\images\ui-icons_222222_256x240.png
lua\http\css\ui-lightness\images\ui-icons_228ef1_256x240.png
lua\http\css\ui-lightness\images\ui-icons_ef8c08_256x240.png
lua\http\css\ui-lightness\images\ui-icons_ffd27a_256x240.png
lua\http\css\ui-lightness\images\ui-icons_ffffff_256x240.png
lua\http\css\ui-lightness\jquery-ui-1.8.13.custom.css
lua\http\custom.lua
lua\http\dialogs\.hosts
lua\http\dialogs\batch_window.html
lua\http\dialogs\browse_window.html
lua\http\dialogs\create_stream.html
lua\http\dialogs\equalizer_window.html
lua\http\dialogs\error_window.html
lua\http\dialogs\mosaic_window.html
lua\http\dialogs\offset_window.html
lua\http\dialogs\old\browse
lua\http\dialogs\old\footer
lua\http\dialogs\old\input
lua\http\dialogs\old\main
lua\http\dialogs\old\playlist
lua\http\dialogs\old\sout
lua\http\dialogs\old\vlm
lua\http\dialogs\stream_config_window.html
lua\http\dialogs\stream_window.html
lua\http\favicon.ico
lua\http\images\Audio-48.png
lua\http\images\Back-48.png
lua\http\images\buttons.png
lua\http\images\Folder-48.png
lua\http\images\Other-48.png
lua\http\images\speaker-32.png
lua\http\images\Video-48.png
lua\http\images\vlc-48.png
lua\http\images\vlc16x16.png
lua\http\index.html
lua\http\js\common.js
lua\http\js\controlers.js
lua\http\js\jquery-1.5.1.min.js
lua\http\js\jquery-ui-1.8.13.custom.min.js
lua\http\js\jquery.jstree.js
lua\http\js\ui.js
lua\http\mobile.html
lua\http\mobile_browse.html
lua\http\mobile_equalizer.html
lua\http\mobile_view.html
lua\http\old\images\delete.png
lua\http\old\images\delete_small.png
lua\http\old\images\eject.png
lua\http\old\images\empty.png
lua\http\old\images\fullscreen.png
lua\http\old\images\help.png
lua\http\old\images\info.png
lua\http\old\images\loop.png
lua\http\old\images\minus.png
lua\http\old\images\next.png
lua\http\old\images\pause.png
lua\http\old\images\play.png
lua\http\old\images\playlist.png
lua\http\old\images\playlist_small.png
lua\http\old\images\plus.png
lua\http\old\images\prev.png
lua\http\old\images\refresh.png
lua\http\old\images\repeat.png
lua\http\old\images\reset.png
lua\http\old\images\sd.png
lua\http\old\images\shuffle.png
lua\http\old\images\slider_bar.png
lua\http\old\images\slider_left.png
lua\http\old\images\slider_point.png
lua\http\old\images\slider_right.png
lua\http\old\images\slow.png
lua\http\old\images\snapshot.png
lua\http\old\images\sort.png
lua\http\old\images\sout.png
lua\http\old\images\speaker.png
lua\http\old\images\speaker_mute.png
lua\http\old\images\stop.png
lua\http\old\images\volume_down.png
lua\http\old\images\volume_up.png
lua\http\old\images\white.png
lua\http\old\images\white_cross_small.png
lua\http\old\js\functions.js
lua\http\old\js\vlm.js
lua\http\old\style.css
lua\http\requests\browse.json
lua\http\requests\browse.xml
lua\http\requests\playlist.json
lua\http\requests\playlist.xml
lua\http\requests\playlist_jstree.xml
lua\http\requests\README.txt
lua\http\requests\status.json
lua\http\requests\status.xml
lua\http\requests\vlm.xml
lua\http\requests\vlm_cmd.xml
lua\http\view.html
lua\http\vlm.html
lua\http\vlm_export.html
lua\intf\cli.luac
lua\intf\dummy.luac
lua\intf\dumpmeta.luac
lua\intf\hotkeys.luac
lua\intf\http.luac
lua\intf\luac.luac
lua\intf\modules\common.luac
lua\intf\modules\host.luac
lua\intf\modules\httprequests.luac
lua\intf\telnet.luac
lua\meta\art\00_musicbrainz.luac
lua\meta\art\01_googleimage.luac
lua\meta\art\02_frenchtv.luac
lua\meta\art\03_lastfm.luac
lua\meta\fetcher\tvrage.luac
lua\meta\reader\filename.luac
lua\modules\dkjson.luac
lua\modules\sandbox.luac
lua\modules\simplexml.luac
lua\playlist\anevia_streams.luac
lua\playlist\anevia_xml.luac
lua\playlist\appletrailers.luac
lua\playlist\bbc_co_uk.luac
lua\playlist\break.luac
lua\playlist\canalplus.luac
lua\playlist\cue.luac
lua\playlist\dailymotion.luac
lua\playlist\extreme.luac
lua\playlist\france2.luac
lua\playlist\googlevideo.luac
lua\playlist\jamendo.luac
lua\playlist\joox.luac
lua\playlist\katsomo.luac
lua\playlist\koreus.luac
lua\playlist\lelombrik.luac
lua\playlist\metacafe.luac
lua\playlist\metachannels.luac
lua\playlist\mpora.luac
lua\playlist\pinkbike.luac
lua\playlist\pluzz.luac
lua\playlist\rockbox_fm_presets.luac
lua\playlist\soundcloud.luac
lua\playlist\vimeo.luac
lua\playlist\youtube.luac
lua\playlist\youtube_homepage.luac
lua\playlist\zapiks.luac
lua\sd\fmc.luac
lua\sd\freebox.luac
lua\sd\icecast.luac
lua\sd\jamendo.luac
lua\sd\metachannels.luac
plugins\plugins.dat
VideoLAN Website.url
Documentation.url
New_Skins.url
npvlc.dll
npvlc.dll.manifest
axvlc.dll
axvlc.dll.manifest
